2022-04-20T00:49:19+00:00 CRITICAL Uncaught Error: Call to a member function get_cart_contents_count() on null in /srv/htdocs/wp-content/themes/Avada/includes/avada-functions.php:521
Stack trace:
#0 /srv/htdocs/wp-content/themes/Avada/includes/avada-functions.php(684): avada_nav_woo_cart('main')
#1 /wordpress/core/5.9.3/wp-includes/class-wp-hook.php(307): avada_add_woo_cart_to_nav('<li  id="menu-i...', Object(stdClass))
#2 /wordpress/core/5.9.3/wp-includes/plugin.php(189): WP_Hook->apply_filters('<li  id="menu-i...', Array)
#3 /wordpress/core/5.9.3/wp-includes/nav-menu-template.php(259): apply_filters('wp_nav_menu_ite...', '<li  id="menu-i...', Object(stdClass))
#4 /srv/htdocs/wp-content/themes/Avada/includes/avada-functions.php(1356): wp_nav_menu(Object(stdClass))
#5 /srv/htdocs/wp-content/themes/Avada/templates/header-secondary-main-menu.php(19): avada_main_menu()
#6 /wordpress/core/5.9.3/wp-includes/template.php(772): require('/srv/htdocs/wp-...')
#7 /wordpress/core/5.9.3/wp-includes/template.php(716): load_template('/srv/htdocs/wp-...', false, Array)
#8 /wordpress/core/5.9.3/wp-includes/general-template.php(204): locate_template(Array, true, false, Array)
#9 /srv/htdocs/wp-content/themes/Avada/includes/avada-functions.php(1264): get_template_part('templates/heade...')
#10 /wordpress/core/5.9.3/wp-includes/class-wp-hook.php(307): avada_secondary_main_menu('')
#11 /wordpress/core/5.9.3/wp-includes/class-wp-hook.php(331): WP_Hook->apply_filters(NULL, Array)
#12 /wordpress/core/5.9.3/wp-includes/plugin.php(474): WP_Hook->do_action(Array)
#13 /srv/htdocs/wp-content/themes/Avada/includes/avada-functions.php(1166): do_action('avada_header')
#14 /srv/htdocs/wp-content/themes/Avada/header.php(48): avada_header_template('below', false)
#15 /wordpress/core/5.9.3/wp-includes/template.php(770): require_once('/srv/htdocs/wp-...')
#16 /wordpress/core/5.9.3/wp-includes/template.php(716): load_template('/srv/htdocs/wp-...', true, Array)
#17 /wordpress/core/5.9.3/wp-includes/general-template.php(48): locate_template(Array, true, true, Array)
#18 /srv/htdocs/wp-content/themes/Avada/404.php(14): get_header()
#19 /wordpress/core/5.9.3/wp-includes/template-loader.php(106): include('/srv/htdocs/wp-...')
#20 /wordpress/core/5.9.3/wp-blog-header.php(19): require_once('/wordpress/core...')
#21 /wordpress/core/5.9.3/index.php(17): require('/wordpress/core...')
#22 {main}
  thrown in /srv/htdocs/wp-content/themes/Avada/includes/avada-functions.php on line 521

2022-04-20T00:51:04+00:00 CRITICAL Uncaught Error: Call to a member function get_cart_contents_count() on null in /srv/htdocs/wp-content/themes/Avada/includes/avada-functions.php:521
Stack trace:
#0 /srv/htdocs/wp-content/themes/Avada/includes/avada-functions.php(684): avada_nav_woo_cart('main')
#1 /wordpress/core/5.9.3/wp-includes/class-wp-hook.php(307): avada_add_woo_cart_to_nav('<li  id="menu-i...', Object(stdClass))
#2 /wordpress/core/5.9.3/wp-includes/plugin.php(189): WP_Hook->apply_filters('<li  id="menu-i...', Array)
#3 /wordpress/core/5.9.3/wp-includes/nav-menu-template.php(259): apply_filters('wp_nav_menu_ite...', '<li  id="menu-i...', Object(stdClass))
#4 /srv/htdocs/wp-content/themes/Avada/includes/avada-functions.php(1356): wp_nav_menu(Object(stdClass))
#5 /srv/htdocs/wp-content/themes/Avada/templates/header-secondary-main-menu.php(19): avada_main_menu()
#6 /wordpress/core/5.9.3/wp-includes/template.php(772): require('/srv/htdocs/wp-...')
#7 /wordpress/core/5.9.3/wp-includes/template.php(716): load_template('/srv/htdocs/wp-...', false, Array)
#8 /wordpress/core/5.9.3/wp-includes/general-template.php(204): locate_template(Array, true, false, Array)
#9 /srv/htdocs/wp-content/themes/Avada/includes/avada-functions.php(1264): get_template_part('templates/heade...')
#10 /wordpress/core/5.9.3/wp-includes/class-wp-hook.php(307): avada_secondary_main_menu('')
#11 /wordpress/core/5.9.3/wp-includes/class-wp-hook.php(331): WP_Hook->apply_filters(NULL, Array)
#12 /wordpress/core/5.9.3/wp-includes/plugin.php(474): WP_Hook->do_action(Array)
#13 /srv/htdocs/wp-content/themes/Avada/includes/avada-functions.php(1166): do_action('avada_header')
#14 /srv/htdocs/wp-content/themes/Avada/header.php(48): avada_header_template('below', false)
#15 /wordpress/core/5.9.3/wp-includes/template.php(770): require_once('/srv/htdocs/wp-...')
#16 /wordpress/core/5.9.3/wp-includes/template.php(716): load_template('/srv/htdocs/wp-...', true, Array)
#17 /wordpress/core/5.9.3/wp-includes/general-template.php(48): locate_template(Array, true, true, Array)
#18 /srv/htdocs/wp-content/themes/Avada/404.php(14): get_header()
#19 /wordpress/core/5.9.3/wp-includes/template-loader.php(106): include('/srv/htdocs/wp-...')
#20 /wordpress/core/5.9.3/wp-blog-header.php(19): require_once('/wordpress/core...')
#21 /wordpress/core/5.9.3/index.php(17): require('/wordpress/core...')
#22 {main}
  thrown in /srv/htdocs/wp-content/themes/Avada/includes/avada-functions.php on line 521

2022-04-20T00:54:23+00:00 CRITICAL Uncaught Error: Call to a member function get_cart_contents_count() on null in /srv/htdocs/wp-content/themes/Avada/includes/avada-functions.php:521
Stack trace:
#0 /srv/htdocs/wp-content/themes/Avada/includes/avada-functions.php(684): avada_nav_woo_cart('main')
#1 /wordpress/core/5.9.3/wp-includes/class-wp-hook.php(307): avada_add_woo_cart_to_nav('<li  id="menu-i...', Object(stdClass))
#2 /wordpress/core/5.9.3/wp-includes/plugin.php(189): WP_Hook->apply_filters('<li  id="menu-i...', Array)
#3 /wordpress/core/5.9.3/wp-includes/nav-menu-template.php(259): apply_filters('wp_nav_menu_ite...', '<li  id="menu-i...', Object(stdClass))
#4 /srv/htdocs/wp-content/themes/Avada/includes/avada-functions.php(1356): wp_nav_menu(Object(stdClass))
#5 /srv/htdocs/wp-content/themes/Avada/templates/header-secondary-main-menu.php(19): avada_main_menu()
#6 /wordpress/core/5.9.3/wp-includes/template.php(772): require('/srv/htdocs/wp-...')
#7 /wordpress/core/5.9.3/wp-includes/template.php(716): load_template('/srv/htdocs/wp-...', false, Array)
#8 /wordpress/core/5.9.3/wp-includes/general-template.php(204): locate_template(Array, true, false, Array)
#9 /srv/htdocs/wp-content/themes/Avada/includes/avada-functions.php(1264): get_template_part('templates/heade...')
#10 /wordpress/core/5.9.3/wp-includes/class-wp-hook.php(307): avada_secondary_main_menu('')
#11 /wordpress/core/5.9.3/wp-includes/class-wp-hook.php(331): WP_Hook->apply_filters(NULL, Array)
#12 /wordpress/core/5.9.3/wp-includes/plugin.php(474): WP_Hook->do_action(Array)
#13 /srv/htdocs/wp-content/themes/Avada/includes/avada-functions.php(1166): do_action('avada_header')
#14 /srv/htdocs/wp-content/themes/Avada/header.php(48): avada_header_template('below', false)
#15 /wordpress/core/5.9.3/wp-includes/template.php(770): require_once('/srv/htdocs/wp-...')
#16 /wordpress/core/5.9.3/wp-includes/template.php(716): load_template('/srv/htdocs/wp-...', true, Array)
#17 /wordpress/core/5.9.3/wp-includes/general-template.php(48): locate_template(Array, true, true, Array)
#18 /srv/htdocs/wp-content/themes/Avada/404.php(14): get_header()
#19 /wordpress/core/5.9.3/wp-includes/template-loader.php(106): include('/srv/htdocs/wp-...')
#20 /wordpress/core/5.9.3/wp-blog-header.php(19): require_once('/wordpress/core...')
#21 /wordpress/core/5.9.3/index.php(17): require('/wordpress/core...')
#22 {main}
  thrown in /srv/htdocs/wp-content/themes/Avada/includes/avada-functions.php on line 521

2022-04-20T00:56:07+00:00 CRITICAL Uncaught Error: Call to a member function get_cart_contents_count() on null in /srv/htdocs/wp-content/themes/Avada/includes/avada-functions.php:521
Stack trace:
#0 /srv/htdocs/wp-content/themes/Avada/includes/avada-functions.php(684): avada_nav_woo_cart('main')
#1 /wordpress/core/5.9.3/wp-includes/class-wp-hook.php(307): avada_add_woo_cart_to_nav('<li  id="menu-i...', Object(stdClass))
#2 /wordpress/core/5.9.3/wp-includes/plugin.php(189): WP_Hook->apply_filters('<li  id="menu-i...', Array)
#3 /wordpress/core/5.9.3/wp-includes/nav-menu-template.php(259): apply_filters('wp_nav_menu_ite...', '<li  id="menu-i...', Object(stdClass))
#4 /srv/htdocs/wp-content/themes/Avada/includes/avada-functions.php(1356): wp_nav_menu(Object(stdClass))
#5 /srv/htdocs/wp-content/themes/Avada/templates/header-secondary-main-menu.php(19): avada_main_menu()
#6 /wordpress/core/5.9.3/wp-includes/template.php(772): require('/srv/htdocs/wp-...')
#7 /wordpress/core/5.9.3/wp-includes/template.php(716): load_template('/srv/htdocs/wp-...', false, Array)
#8 /wordpress/core/5.9.3/wp-includes/general-template.php(204): locate_template(Array, true, false, Array)
#9 /srv/htdocs/wp-content/themes/Avada/includes/avada-functions.php(1264): get_template_part('templates/heade...')
#10 /wordpress/core/5.9.3/wp-includes/class-wp-hook.php(307): avada_secondary_main_menu('')
#11 /wordpress/core/5.9.3/wp-includes/class-wp-hook.php(331): WP_Hook->apply_filters(NULL, Array)
#12 /wordpress/core/5.9.3/wp-includes/plugin.php(474): WP_Hook->do_action(Array)
#13 /srv/htdocs/wp-content/themes/Avada/includes/avada-functions.php(1166): do_action('avada_header')
#14 /srv/htdocs/wp-content/themes/Avada/header.php(48): avada_header_template('below', false)
#15 /wordpress/core/5.9.3/wp-includes/template.php(770): require_once('/srv/htdocs/wp-...')
#16 /wordpress/core/5.9.3/wp-includes/template.php(716): load_template('/srv/htdocs/wp-...', true, Array)
#17 /wordpress/core/5.9.3/wp-includes/general-template.php(48): locate_template(Array, true, true, Array)
#18 /srv/htdocs/wp-content/themes/Avada/404.php(14): get_header()
#19 /wordpress/core/5.9.3/wp-includes/template-loader.php(106): include('/srv/htdocs/wp-...')
#20 /wordpress/core/5.9.3/wp-blog-header.php(19): require_once('/wordpress/core...')
#21 /wordpress/core/5.9.3/index.php(17): require('/wordpress/core...')
#22 {main}
  thrown in /srv/htdocs/wp-content/themes/Avada/includes/avada-functions.php on line 521

2022-04-20T00:59:18+00:00 CRITICAL Uncaught Error: Call to a member function get_cart_contents_count() on null in /srv/htdocs/wp-content/themes/Avada/includes/avada-functions.php:521
Stack trace:
#0 /srv/htdocs/wp-content/themes/Avada/includes/avada-functions.php(684): avada_nav_woo_cart('main')
#1 /wordpress/core/5.9.3/wp-includes/class-wp-hook.php(307): avada_add_woo_cart_to_nav('<li  id="menu-i...', Object(stdClass))
#2 /wordpress/core/5.9.3/wp-includes/plugin.php(189): WP_Hook->apply_filters('<li  id="menu-i...', Array)
#3 /wordpress/core/5.9.3/wp-includes/nav-menu-template.php(259): apply_filters('wp_nav_menu_ite...', '<li  id="menu-i...', Object(stdClass))
#4 /srv/htdocs/wp-content/themes/Avada/includes/avada-functions.php(1356): wp_nav_menu(Object(stdClass))
#5 /srv/htdocs/wp-content/themes/Avada/templates/header-secondary-main-menu.php(19): avada_main_menu()
#6 /wordpress/core/5.9.3/wp-includes/template.php(772): require('/srv/htdocs/wp-...')
#7 /wordpress/core/5.9.3/wp-includes/template.php(716): load_template('/srv/htdocs/wp-...', false, Array)
#8 /wordpress/core/5.9.3/wp-includes/general-template.php(204): locate_template(Array, true, false, Array)
#9 /srv/htdocs/wp-content/themes/Avada/includes/avada-functions.php(1264): get_template_part('templates/heade...')
#10 /wordpress/core/5.9.3/wp-includes/class-wp-hook.php(307): avada_secondary_main_menu('')
#11 /wordpress/core/5.9.3/wp-includes/class-wp-hook.php(331): WP_Hook->apply_filters(NULL, Array)
#12 /wordpress/core/5.9.3/wp-includes/plugin.php(474): WP_Hook->do_action(Array)
#13 /srv/htdocs/wp-content/themes/Avada/includes/avada-functions.php(1166): do_action('avada_header')
#14 /srv/htdocs/wp-content/themes/Avada/header.php(48): avada_header_template('below', false)
#15 /wordpress/core/5.9.3/wp-includes/template.php(770): require_once('/srv/htdocs/wp-...')
#16 /wordpress/core/5.9.3/wp-includes/template.php(716): load_template('/srv/htdocs/wp-...', true, Array)
#17 /wordpress/core/5.9.3/wp-includes/general-template.php(48): locate_template(Array, true, true, Array)
#18 /srv/htdocs/wp-content/themes/Avada/404.php(14): get_header()
#19 /wordpress/core/5.9.3/wp-includes/template-loader.php(106): include('/srv/htdocs/wp-...')
#20 /wordpress/core/5.9.3/wp-blog-header.php(19): require_once('/wordpress/core...')
#21 /wordpress/core/5.9.3/index.php(17): require('/wordpress/core...')
#22 {main}
  thrown in /srv/htdocs/wp-content/themes/Avada/includes/avada-functions.php on line 521

2022-04-20T01:01:01+00:00 CRITICAL Uncaught Error: Call to a member function get_cart_contents_count() on null in /srv/htdocs/wp-content/themes/Avada/includes/avada-functions.php:521
Stack trace:
#0 /srv/htdocs/wp-content/themes/Avada/includes/avada-functions.php(684): avada_nav_woo_cart('main')
#1 /wordpress/core/5.9.3/wp-includes/class-wp-hook.php(307): avada_add_woo_cart_to_nav('<li  id="menu-i...', Object(stdClass))
#2 /wordpress/core/5.9.3/wp-includes/plugin.php(189): WP_Hook->apply_filters('<li  id="menu-i...', Array)
#3 /wordpress/core/5.9.3/wp-includes/nav-menu-template.php(259): apply_filters('wp_nav_menu_ite...', '<li  id="menu-i...', Object(stdClass))
#4 /srv/htdocs/wp-content/themes/Avada/includes/avada-functions.php(1356): wp_nav_menu(Object(stdClass))
#5 /srv/htdocs/wp-content/themes/Avada/templates/header-secondary-main-menu.php(19): avada_main_menu()
#6 /wordpress/core/5.9.3/wp-includes/template.php(772): require('/srv/htdocs/wp-...')
#7 /wordpress/core/5.9.3/wp-includes/template.php(716): load_template('/srv/htdocs/wp-...', false, Array)
#8 /wordpress/core/5.9.3/wp-includes/general-template.php(204): locate_template(Array, true, false, Array)
#9 /srv/htdocs/wp-content/themes/Avada/includes/avada-functions.php(1264): get_template_part('templates/heade...')
#10 /wordpress/core/5.9.3/wp-includes/class-wp-hook.php(307): avada_secondary_main_menu('')
#11 /wordpress/core/5.9.3/wp-includes/class-wp-hook.php(331): WP_Hook->apply_filters(NULL, Array)
#12 /wordpress/core/5.9.3/wp-includes/plugin.php(474): WP_Hook->do_action(Array)
#13 /srv/htdocs/wp-content/themes/Avada/includes/avada-functions.php(1166): do_action('avada_header')
#14 /srv/htdocs/wp-content/themes/Avada/header.php(48): avada_header_template('below', false)
#15 /wordpress/core/5.9.3/wp-includes/template.php(770): require_once('/srv/htdocs/wp-...')
#16 /wordpress/core/5.9.3/wp-includes/template.php(716): load_template('/srv/htdocs/wp-...', true, Array)
#17 /wordpress/core/5.9.3/wp-includes/general-template.php(48): locate_template(Array, true, true, Array)
#18 /srv/htdocs/wp-content/themes/Avada/404.php(14): get_header()
#19 /wordpress/core/5.9.3/wp-includes/template-loader.php(106): include('/srv/htdocs/wp-...')
#20 /wordpress/core/5.9.3/wp-blog-header.php(19): require_once('/wordpress/core...')
#21 /wordpress/core/5.9.3/index.php(17): require('/wordpress/core...')
#22 {main}
  thrown in /srv/htdocs/wp-content/themes/Avada/includes/avada-functions.php on line 521

2022-04-20T01:03:41+00:00 CRITICAL Uncaught Error: Call to a member function get_cart_contents_count() on null in /srv/htdocs/wp-content/themes/Avada/includes/avada-functions.php:521
Stack trace:
#0 /srv/htdocs/wp-content/themes/Avada/includes/avada-functions.php(684): avada_nav_woo_cart('main')
#1 /wordpress/core/5.9.3/wp-includes/class-wp-hook.php(307): avada_add_woo_cart_to_nav('<li  id="menu-i...', Object(stdClass))
#2 /wordpress/core/5.9.3/wp-includes/plugin.php(189): WP_Hook->apply_filters('<li  id="menu-i...', Array)
#3 /wordpress/core/5.9.3/wp-includes/nav-menu-template.php(259): apply_filters('wp_nav_menu_ite...', '<li  id="menu-i...', Object(stdClass))
#4 /srv/htdocs/wp-content/themes/Avada/includes/avada-functions.php(1356): wp_nav_menu(Object(stdClass))
#5 /srv/htdocs/wp-content/themes/Avada/templates/header-secondary-main-menu.php(19): avada_main_menu()
#6 /wordpress/core/5.9.3/wp-includes/template.php(772): require('/srv/htdocs/wp-...')
#7 /wordpress/core/5.9.3/wp-includes/template.php(716): load_template('/srv/htdocs/wp-...', false, Array)
#8 /wordpress/core/5.9.3/wp-includes/general-template.php(204): locate_template(Array, true, false, Array)
#9 /srv/htdocs/wp-content/themes/Avada/includes/avada-functions.php(1264): get_template_part('templates/heade...')
#10 /wordpress/core/5.9.3/wp-includes/class-wp-hook.php(307): avada_secondary_main_menu('')
#11 /wordpress/core/5.9.3/wp-includes/class-wp-hook.php(331): WP_Hook->apply_filters(NULL, Array)
#12 /wordpress/core/5.9.3/wp-includes/plugin.php(474): WP_Hook->do_action(Array)
#13 /srv/htdocs/wp-content/themes/Avada/includes/avada-functions.php(1166): do_action('avada_header')
#14 /srv/htdocs/wp-content/themes/Avada/header.php(48): avada_header_template('below', false)
#15 /wordpress/core/5.9.3/wp-includes/template.php(770): require_once('/srv/htdocs/wp-...')
#16 /wordpress/core/5.9.3/wp-includes/template.php(716): load_template('/srv/htdocs/wp-...', true, Array)
#17 /wordpress/core/5.9.3/wp-includes/general-template.php(48): locate_template(Array, true, true, Array)
#18 /srv/htdocs/wp-content/themes/Avada/404.php(14): get_header()
#19 /wordpress/core/5.9.3/wp-includes/template-loader.php(106): include('/srv/htdocs/wp-...')
#20 /wordpress/core/5.9.3/wp-blog-header.php(19): require_once('/wordpress/core...')
#21 /wordpress/core/5.9.3/index.php(17): require('/wordpress/core...')
#22 {main}
  thrown in /srv/htdocs/wp-content/themes/Avada/includes/avada-functions.php on line 521

2022-04-20T01:06:02+00:00 CRITICAL Uncaught Error: Call to a member function get_cart_contents_count() on null in /srv/htdocs/wp-content/themes/Avada/includes/avada-functions.php:521
Stack trace:
#0 /srv/htdocs/wp-content/themes/Avada/includes/avada-functions.php(684): avada_nav_woo_cart('main')
#1 /wordpress/core/5.9.3/wp-includes/class-wp-hook.php(307): avada_add_woo_cart_to_nav('<li  id="menu-i...', Object(stdClass))
#2 /wordpress/core/5.9.3/wp-includes/plugin.php(189): WP_Hook->apply_filters('<li  id="menu-i...', Array)
#3 /wordpress/core/5.9.3/wp-includes/nav-menu-template.php(259): apply_filters('wp_nav_menu_ite...', '<li  id="menu-i...', Object(stdClass))
#4 /srv/htdocs/wp-content/themes/Avada/includes/avada-functions.php(1356): wp_nav_menu(Object(stdClass))
#5 /srv/htdocs/wp-content/themes/Avada/templates/header-secondary-main-menu.php(19): avada_main_menu()
#6 /wordpress/core/5.9.3/wp-includes/template.php(772): require('/srv/htdocs/wp-...')
#7 /wordpress/core/5.9.3/wp-includes/template.php(716): load_template('/srv/htdocs/wp-...', false, Array)
#8 /wordpress/core/5.9.3/wp-includes/general-template.php(204): locate_template(Array, true, false, Array)
#9 /srv/htdocs/wp-content/themes/Avada/includes/avada-functions.php(1264): get_template_part('templates/heade...')
#10 /wordpress/core/5.9.3/wp-includes/class-wp-hook.php(307): avada_secondary_main_menu('')
#11 /wordpress/core/5.9.3/wp-includes/class-wp-hook.php(331): WP_Hook->apply_filters(NULL, Array)
#12 /wordpress/core/5.9.3/wp-includes/plugin.php(474): WP_Hook->do_action(Array)
#13 /srv/htdocs/wp-content/themes/Avada/includes/avada-functions.php(1166): do_action('avada_header')
#14 /srv/htdocs/wp-content/themes/Avada/header.php(48): avada_header_template('below', false)
#15 /wordpress/core/5.9.3/wp-includes/template.php(770): require_once('/srv/htdocs/wp-...')
#16 /wordpress/core/5.9.3/wp-includes/template.php(716): load_template('/srv/htdocs/wp-...', true, Array)
#17 /wordpress/core/5.9.3/wp-includes/general-template.php(48): locate_template(Array, true, true, Array)
#18 /srv/htdocs/wp-content/themes/Avada/404.php(14): get_header()
#19 /wordpress/core/5.9.3/wp-includes/template-loader.php(106): include('/srv/htdocs/wp-...')
#20 /wordpress/core/5.9.3/wp-blog-header.php(19): require_once('/wordpress/core...')
#21 /wordpress/core/5.9.3/index.php(17): require('/wordpress/core...')
#22 {main}
  thrown in /srv/htdocs/wp-content/themes/Avada/includes/avada-functions.php on line 521

2022-04-20T01:08:50+00:00 CRITICAL Uncaught Error: Call to a member function get_cart_contents_count() on null in /srv/htdocs/wp-content/themes/Avada/includes/avada-functions.php:521
Stack trace:
#0 /srv/htdocs/wp-content/themes/Avada/includes/avada-functions.php(684): avada_nav_woo_cart('main')
#1 /wordpress/core/5.9.3/wp-includes/class-wp-hook.php(307): avada_add_woo_cart_to_nav('<li  id="menu-i...', Object(stdClass))
#2 /wordpress/core/5.9.3/wp-includes/plugin.php(189): WP_Hook->apply_filters('<li  id="menu-i...', Array)
#3 /wordpress/core/5.9.3/wp-includes/nav-menu-template.php(259): apply_filters('wp_nav_menu_ite...', '<li  id="menu-i...', Object(stdClass))
#4 /srv/htdocs/wp-content/themes/Avada/includes/avada-functions.php(1356): wp_nav_menu(Object(stdClass))
#5 /srv/htdocs/wp-content/themes/Avada/templates/header-secondary-main-menu.php(19): avada_main_menu()
#6 /wordpress/core/5.9.3/wp-includes/template.php(772): require('/srv/htdocs/wp-...')
#7 /wordpress/core/5.9.3/wp-includes/template.php(716): load_template('/srv/htdocs/wp-...', false, Array)
#8 /wordpress/core/5.9.3/wp-includes/general-template.php(204): locate_template(Array, true, false, Array)
#9 /srv/htdocs/wp-content/themes/Avada/includes/avada-functions.php(1264): get_template_part('templates/heade...')
#10 /wordpress/core/5.9.3/wp-includes/class-wp-hook.php(307): avada_secondary_main_menu('')
#11 /wordpress/core/5.9.3/wp-includes/class-wp-hook.php(331): WP_Hook->apply_filters(NULL, Array)
#12 /wordpress/core/5.9.3/wp-includes/plugin.php(474): WP_Hook->do_action(Array)
#13 /srv/htdocs/wp-content/themes/Avada/includes/avada-functions.php(1166): do_action('avada_header')
#14 /srv/htdocs/wp-content/themes/Avada/header.php(48): avada_header_template('below', false)
#15 /wordpress/core/5.9.3/wp-includes/template.php(770): require_once('/srv/htdocs/wp-...')
#16 /wordpress/core/5.9.3/wp-includes/template.php(716): load_template('/srv/htdocs/wp-...', true, Array)
#17 /wordpress/core/5.9.3/wp-includes/general-template.php(48): locate_template(Array, true, true, Array)
#18 /srv/htdocs/wp-content/themes/Avada/404.php(14): get_header()
#19 /wordpress/core/5.9.3/wp-includes/template-loader.php(106): include('/srv/htdocs/wp-...')
#20 /wordpress/core/5.9.3/wp-blog-header.php(19): require_once('/wordpress/core...')
#21 /wordpress/core/5.9.3/index.php(17): require('/wordpress/core...')
#22 {main}
  thrown in /srv/htdocs/wp-content/themes/Avada/includes/avada-functions.php on line 521

2022-04-20T01:10:53+00:00 CRITICAL Uncaught Error: Call to a member function get_cart_contents_count() on null in /srv/htdocs/wp-content/themes/Avada/includes/avada-functions.php:521
Stack trace:
#0 /srv/htdocs/wp-content/themes/Avada/includes/avada-functions.php(684): avada_nav_woo_cart('main')
#1 /wordpress/core/5.9.3/wp-includes/class-wp-hook.php(307): avada_add_woo_cart_to_nav('<li  id="menu-i...', Object(stdClass))
#2 /wordpress/core/5.9.3/wp-includes/plugin.php(189): WP_Hook->apply_filters('<li  id="menu-i...', Array)
#3 /wordpress/core/5.9.3/wp-includes/nav-menu-template.php(259): apply_filters('wp_nav_menu_ite...', '<li  id="menu-i...', Object(stdClass))
#4 /srv/htdocs/wp-content/themes/Avada/includes/avada-functions.php(1356): wp_nav_menu(Object(stdClass))
#5 /srv/htdocs/wp-content/themes/Avada/templates/header-secondary-main-menu.php(19): avada_main_menu()
#6 /wordpress/core/5.9.3/wp-includes/template.php(772): require('/srv/htdocs/wp-...')
#7 /wordpress/core/5.9.3/wp-includes/template.php(716): load_template('/srv/htdocs/wp-...', false, Array)
#8 /wordpress/core/5.9.3/wp-includes/general-template.php(204): locate_template(Array, true, false, Array)
#9 /srv/htdocs/wp-content/themes/Avada/includes/avada-functions.php(1264): get_template_part('templates/heade...')
#10 /wordpress/core/5.9.3/wp-includes/class-wp-hook.php(307): avada_secondary_main_menu('')
#11 /wordpress/core/5.9.3/wp-includes/class-wp-hook.php(331): WP_Hook->apply_filters(NULL, Array)
#12 /wordpress/core/5.9.3/wp-includes/plugin.php(474): WP_Hook->do_action(Array)
#13 /srv/htdocs/wp-content/themes/Avada/includes/avada-functions.php(1166): do_action('avada_header')
#14 /srv/htdocs/wp-content/themes/Avada/header.php(48): avada_header_template('below', false)
#15 /wordpress/core/5.9.3/wp-includes/template.php(770): require_once('/srv/htdocs/wp-...')
#16 /wordpress/core/5.9.3/wp-includes/template.php(716): load_template('/srv/htdocs/wp-...', true, Array)
#17 /wordpress/core/5.9.3/wp-includes/general-template.php(48): locate_template(Array, true, true, Array)
#18 /srv/htdocs/wp-content/themes/Avada/404.php(14): get_header()
#19 /wordpress/core/5.9.3/wp-includes/template-loader.php(106): include('/srv/htdocs/wp-...')
#20 /wordpress/core/5.9.3/wp-blog-header.php(19): require_once('/wordpress/core...')
#21 /wordpress/core/5.9.3/index.php(17): require('/wordpress/core...')
#22 {main}
  thrown in /srv/htdocs/wp-content/themes/Avada/includes/avada-functions.php on line 521

